c:\users\dan\desktop\advancedai chess v3.1 reallyfinished\advancedai student copy\gameai\debug\vc140.pdb
c:\users\dan\desktop\advancedai chess v3.1 reallyfinished\advancedai student copy\gameai\debug\vc140.idb
c:\users\dan\desktop\advancedai chess v3.1 reallyfinished\advancedai student copy\gameai\debug\gamescreen.obj
c:\users\dan\desktop\advancedai chess v3.1 reallyfinished\advancedai student copy\gameai\debug\gamescreenmanager.obj
c:\users\dan\desktop\advancedai chess v3.1 reallyfinished\advancedai student copy\gameai\debug\gamescreen_clustering.obj
c:\users\dan\desktop\advancedai chess v3.1 reallyfinished\advancedai student copy\gameai\debug\gamescreen_lunar.obj
c:\users\dan\desktop\advancedai chess v3.1 reallyfinished\advancedai student copy\gameai\debug\lunarlander.obj
c:\users\dan\desktop\advancedai chess v3.1 reallyfinished\advancedai student copy\gameai\debug\character.obj
c:\users\dan\desktop\advancedai chess v3.1 reallyfinished\advancedai student copy\gameai\debug\characterbub.obj
c:\users\dan\desktop\advancedai chess v3.1 reallyfinished\advancedai student copy\gameai\debug\charactercaterpillar.obj
c:\users\dan\desktop\advancedai chess v3.1 reallyfinished\advancedai student copy\gameai\debug\characterchest.obj
c:\users\dan\desktop\advancedai chess v3.1 reallyfinished\advancedai student copy\gameai\debug\characterfruit.obj
c:\users\dan\desktop\advancedai chess v3.1 reallyfinished\advancedai student copy\gameai\debug\characterrainbow.obj
c:\users\dan\desktop\advancedai chess v3.1 reallyfinished\advancedai student copy\gameai\debug\levelmap.obj
c:\users\dan\desktop\advancedai chess v3.1 reallyfinished\advancedai student copy\gameai\debug\virtualjoypad.obj
c:\users\dan\desktop\advancedai chess v3.1 reallyfinished\advancedai student copy\gameai\debug\source.obj
c:\users\dan\desktop\advancedai chess v3.1 reallyfinished\advancedai student copy\gameai\debug\texture2d.obj
c:\users\dan\desktop\advancedai chess v3.1 reallyfinished\advancedai student copy\gameai\debug\tinystr.obj
c:\users\dan\desktop\advancedai chess v3.1 reallyfinished\advancedai student copy\gameai\debug\tinyxml.obj
c:\users\dan\desktop\advancedai chess v3.1 reallyfinished\advancedai student copy\gameai\debug\tinyxmlerror.obj
c:\users\dan\desktop\advancedai chess v3.1 reallyfinished\advancedai student copy\gameai\debug\tinyxmlparser.obj
c:\users\dan\desktop\advancedai chess v3.1 reallyfinished\advancedai student copy\gameai\debug\chessaiplayer.obj
c:\users\dan\desktop\advancedai chess v3.1 reallyfinished\advancedai student copy\gameai\debug\chessmovemanager.obj
c:\users\dan\desktop\advancedai chess v3.1 reallyfinished\advancedai student copy\gameai\debug\gamescreen_chess.obj
c:\users\dan\desktop\advancedai chess v3.1 reallyfinished\advancedai student copy\gameai\debug\chessplayer.obj
c:\users\dan\desktop\advancedai chess v3.1 reallyfinished\advancedai student copy\gameai\debug\openingsplaybook.obj
c:\users\dan\desktop\advancedai chess v3.1 reallyfinished\advancedai student copy\gameai\debug\collisions.obj
c:\users\dan\desktop\advancedai chess v3.1 reallyfinished\advancedai student copy\gameai\debug\gamescreen_conway.obj
c:\users\dan\desktop\advancedai chess v3.1 reallyfinished\advancedai student copy\gameai\debug\gamescreen_rainbowislands.obj
c:\users\dan\desktop\advancedai chess v3.1 reallyfinished\advancedai student copy\gameai\debug\genalg.obj
c:\users\dan\desktop\advancedai chess v3.1 reallyfinished\advancedai student copy\gameai\debug\neuralnet.obj
c:\users\dan\desktop\advancedai chess v3.1 reallyfinished\advancedai student copy\gameai\debug\aicontroller.obj
c:\users\dan\desktop\advancedai chess v3.1 reallyfinished\advancedai student copy\debug\gameai.ilk
c:\users\dan\desktop\advancedai chess v3.1 reallyfinished\advancedai student copy\debug\gameai.exe
c:\users\dan\desktop\advancedai chess v3.1 reallyfinished\advancedai student copy\debug\gameai.pdb
c:\users\dan\desktop\advancedai chess v3.1 reallyfinished\advancedai student copy\gameai\debug\gameai.tlog\cl.command.1.tlog
c:\users\dan\desktop\advancedai chess v3.1 reallyfinished\advancedai student copy\gameai\debug\gameai.tlog\cl.read.1.tlog
c:\users\dan\desktop\advancedai chess v3.1 reallyfinished\advancedai student copy\gameai\debug\gameai.tlog\cl.write.1.tlog
c:\users\dan\desktop\advancedai chess v3.1 reallyfinished\advancedai student copy\gameai\debug\gameai.tlog\link.command.1.tlog
c:\users\dan\desktop\advancedai chess v3.1 reallyfinished\advancedai student copy\gameai\debug\gameai.tlog\link.read.1.tlog
c:\users\dan\desktop\advancedai chess v3.1 reallyfinished\advancedai student copy\gameai\debug\gameai.tlog\link.write.1.tlog
